0 info it worked if it ends with ok
1 verbose cli [ 'C:\\Program Files\\nodejs\\node.exe',
1 verbose cli   'C:\\Program Files\\nodejs\\node_modules\\npm\\bin\\npm-cli.js',
1 verbose cli   'run',
1 verbose cli   'dev' ]
2 info using npm@3.10.10
3 info using node@v6.9.5
4 verbose run-script [ 'predev', 'dev', 'postdev' ]
5 info lifecycle night@1.0.0~predev: night@1.0.0
6 silly lifecycle night@1.0.0~predev: no script for predev, continuing
7 info lifecycle night@1.0.0~dev: night@1.0.0
8 verbose lifecycle night@1.0.0~dev: unsafe-perm in lifecycle true
9 verbose lifecycle night@1.0.0~dev: PATH: C:\Program Files\nodejs\node_modules\npm\bin\node-gyp-bin;D:\xyjiSVN\nodejs-react-webpack-sass\node_modules\.bin;C:\Users\hp\bin;D:\Program Files\Git\mingw64\bin;D:\Program Files\Git\usr\local\bin;D:\Program Files\Git\usr\bin;D:\Program Files\Git\usr\bin;D:\Program Files\Git\mingw64\bin;D:\Program Files\Git\usr\bin;C:\Users\hp\bin;D:\Python27;D:\Python27\Scripts;C:\Program Files (x86)\Common Files\Oracle\Java\javapath;C:\ProgramData\Oracle\Java\javapath;E:\redis_cluster\RailsInstaller\Ruby2.3.3\bin;C:\Windows\system32;C:\Windows;C:\Windows\System32\Wbem;C:\Windows\System32\WindowsPowerShell\v1.0;D:\Program Files\TortoiseSVN\bin;D:\Program Files\Git\cmd;D:\Program Files\Java\jdk1.8.0_102\jre\bin;C:\Users\hp;C:\Program Files\nodejs;E:\cocos2d-js\cocos2d-x-3.17\templates;E:\cocos2d-js\cocos2d-x-3.17\tools\cocos2d-console\bin;E:\Ruby22-x64\bin;C:\Users\hp;E:\Program Files (x86)\Fiddler;E:\VS Code\bin;C:\Users\hp\AppData\Roaming\npm;D:\svncmd\Apache-Subversion-1.11.1\bin;D:\Program Files\Git\usr\bin\vendor_perl;D:\Program Files\Git\usr\bin\core_perl
10 verbose lifecycle night@1.0.0~dev: CWD: D:\xyjiSVN\nodejs-react-webpack-sass
11 silly lifecycle night@1.0.0~dev: Args: [ '/d /s /c',
11 silly lifecycle   'webpack && webpack-dev-server --devtool eval --progress --colors --content-base --host 0.0.0.0' ]
12 silly lifecycle night@1.0.0~dev: Returned: code: 2  signal: null
13 info lifecycle night@1.0.0~dev: Failed to exec dev script
14 verbose stack Error: night@1.0.0 dev: `webpack && webpack-dev-server --devtool eval --progress --colors --content-base --host 0.0.0.0`
14 verbose stack Exit status 2
14 verbose stack     at EventEmitter.<anonymous> (C:\Program Files\nodejs\node_modules\npm\lib\utils\lifecycle.js:255:16)
14 verbose stack     at emitTwo (events.js:106:13)
14 verbose stack     at EventEmitter.emit (events.js:191:7)
14 verbose stack     at ChildProcess.<anonymous> (C:\Program Files\nodejs\node_modules\npm\lib\utils\spawn.js:40:14)
14 verbose stack     at emitTwo (events.js:106:13)
14 verbose stack     at ChildProcess.emit (events.js:191:7)
14 verbose stack     at maybeClose (internal/child_process.js:877:16)
14 verbose stack     at Process.ChildProcess._handle.onexit (internal/child_process.js:226:5)
15 verbose pkgid night@1.0.0
16 verbose cwd D:\xyjiSVN\nodejs-react-webpack-sass
17 error Windows_NT 6.1.7601
18 error argv "C:\\Program Files\\nodejs\\node.exe" "C:\\Program Files\\nodejs\\node_modules\\npm\\bin\\npm-cli.js" "run" "dev"
19 error node v6.9.5
20 error npm  v3.10.10
21 error code ELIFECYCLE
22 error night@1.0.0 dev: `webpack && webpack-dev-server --devtool eval --progress --colors --content-base --host 0.0.0.0`
22 error Exit status 2
23 error Failed at the night@1.0.0 dev script 'webpack && webpack-dev-server --devtool eval --progress --colors --content-base --host 0.0.0.0'.
23 error Make sure you have the latest version of node.js and npm installed.
23 error If you do, this is most likely a problem with the night package,
23 error not with npm itself.
23 error Tell the author that this fails on your system:
23 error     webpack && webpack-dev-server --devtool eval --progress --colors --content-base --host 0.0.0.0
23 error You can get information on how to open an issue for this project with:
23 error     npm bugs night
23 error Or if that isn't available, you can get their info via:
23 error     npm owner ls night
23 error There is likely additional logging output above.
24 verbose exit [ 1, true ]
